app/build/intermediates/manifest_merge_blame_file/debug/manifest-merger-blame-debug-report.txt
1<?xml version="1.0" encoding="utf-8"?>
2<manifest xmlns:android="http://schemas.android.com/apk/res/android"
3    package="com.raywenderlich.podplay"
4    android:versionCode="1"
5    android:versionName="1.0" >
6
7    <uses-sdk
8        android:minSdkVersion="21"
8-->src\main\AndroidManifest.xml
9        android:targetSdkVersion="29" />
9-->src\main\AndroidManifest.xml
10
11    <uses-permission android:name="android.permission.INTERNET" />
11-->src\main\AndroidManifest.xml:5:3-64
11-->src\main\AndroidManifest.xml:5:20-62
12    <uses-permission android:name="android.permission.FOREGROUND_SERVICE" />
12-->src\main\AndroidManifest.xml:6:3-74
12-->src\main\AndroidManifest.xml:6:20-72
13    <uses-permission android:name="android.permission.WAKE_LOCK" />
13-->src\main\AndroidManifest.xml:7:3-65
13-->src\main\AndroidManifest.xml:7:20-63
14    <uses-permission android:name="android.permission.ACCESS_NETWORK_STATE" />
14-->[androidx.work:work-runtime:2.3.4] AndroidManifest.xml:26:5-79
14-->[androidx.work:work-runtime:2.3.4] AndroidManifest.xml:26:22-76
15    <uses-permission android:name="android.permission.RECEIVE_BOOT_COMPLETED" />
15-->[androidx.work:work-runtime:2.3.4] AndroidManifest.xml:27:5-81
15-->[androidx.work:work-runtime:2.3.4] AndroidManifest.xml:27:22-78
16
17    <application
17-->src\main\AndroidManifest.xml:9:3-42:17
18        android:allowBackup="true"
18-->src\main\AndroidManifest.xml:10:7-33
19        android:appComponentFactory="androidx.core.app.CoreComponentFactory"
19-->[androidx.core:core:1.2.0] AndroidManifest.xml:24:18-86
20        android:debuggable="true"
21        android:icon="@mipmap/ic_launcher"
21-->src\main\AndroidManifest.xml:11:7-41
22        android:label="@string/app_name"
22-->src\main\AndroidManifest.xml:12:7-39
23        android:roundIcon="@mipmap/ic_launcher_round"
23-->src\main\AndroidManifest.xml:13:7-52
24        android:supportsRtl="true"
24-->src\main\AndroidManifest.xml:14:7-33
25        android:testOnly="true"
26        android:theme="@style/AppTheme"
26-->src\main\AndroidManifest.xml:15:7-38
27        android:usesCleartextTraffic="true" >
27-->src\main\AndroidManifest.xml:16:7-42
28        <activity
28-->src\main\AndroidManifest.xml:17:5-27:16
29            android:name="com.raywenderlich.podplay.ui.PodcastActivity"
29-->src\main\AndroidManifest.xml:17:15-49
30            android:launchMode="singleTop"
30-->src\main\AndroidManifest.xml:18:9-39
31            android:theme="@style/AppTheme.NoActionBar" >
31-->src\main\AndroidManifest.xml:19:9-52
32            <intent-filter>
32-->src\main\AndroidManifest.xml:20:7-24:23
33                <action android:name="android.intent.action.MAIN" />
33-->src\main\AndroidManifest.xml:21:9-60
33-->src\main\AndroidManifest.xml:21:17-58
34                <action android:name="android.intent.action.SEARCH" />
34-->src\main\AndroidManifest.xml:22:9-62
34-->src\main\AndroidManifest.xml:22:17-60
35
36                <category android:name="android.intent.category.LAUNCHER" />
36-->src\main\AndroidManifest.xml:23:9-68
36-->src\main\AndroidManifest.xml:23:19-66
37            </intent-filter>
38
39            <meta-data
39-->src\main\AndroidManifest.xml:25:7-26:45
40                android:name="android.app.searchable"
40-->src\main\AndroidManifest.xml:25:18-55
41                android:resource="@xml/searchable" />
41-->src\main\AndroidManifest.xml:26:9-43
42        </activity>
43
44        <service android:name="com.raywenderlich.podplay.service.PodplayMediaService" >
44-->src\main\AndroidManifest.xml:29:5-33:15
44-->src\main\AndroidManifest.xml:29:14-57
45            <intent-filter>
45-->src\main\AndroidManifest.xml:30:7-32:23
46                <action android:name="android.media.browse.MediaBrowserService" />
46-->src\main\AndroidManifest.xml:31:9-75
46-->src\main\AndroidManifest.xml:31:17-72
47            </intent-filter>
48        </service>
49
50        <receiver android:name="androidx.media.session.MediaButtonReceiver" >
50-->src\main\AndroidManifest.xml:35:5-40:16
50-->src\main\AndroidManifest.xml:36:9-66
51            <intent-filter>
51-->src\main\AndroidManifest.xml:37:7-39:23
52                <action android:name="android.intent.action.MEDIA_BUTTON" />
52-->src\main\AndroidManifest.xml:38:9-69
52-->src\main\AndroidManifest.xml:38:17-66
53            </intent-filter>
54        </receiver>
55
56        <provider
56-->[androidx.work:work-runtime:2.3.4] AndroidManifest.xml:31:9-37:35
57            android:name="androidx.work.impl.WorkManagerInitializer"
57-->[androidx.work:work-runtime:2.3.4] AndroidManifest.xml:32:13-69
58            android:authorities="com.raywenderlich.podplay.workmanager-init"
58-->[androidx.work:work-runtime:2.3.4] AndroidManifest.xml:33:13-68
59            android:directBootAware="false"
59-->[androidx.work:work-runtime:2.3.4] AndroidManifest.xml:34:13-44
60            android:exported="false"
60-->[androidx.work:work-runtime:2.3.4] AndroidManifest.xml:35:13-37
61            android:multiprocess="true" />
61-->[androidx.work:work-runtime:2.3.4] AndroidManifest.xml:36:13-40
62
63        <service
63-->[androidx.work:work-runtime:2.3.4] AndroidManifest.xml:39:9-44:35
64            android:name="androidx.work.impl.background.systemalarm.SystemAlarmService"
64-->[androidx.work:work-runtime:2.3.4] AndroidManifest.xml:40:13-88
65            android:directBootAware="false"
65-->[androidx.work:work-runtime:2.3.4] AndroidManifest.xml:41:13-44
66            android:enabled="@bool/enable_system_alarm_service_default"
66-->[androidx.work:work-runtime:2.3.4] AndroidManifest.xml:42:13-72
67            android:exported="false" />
67-->[androidx.work:work-runtime:2.3.4] AndroidManifest.xml:43:13-37
68        <service
68-->[androidx.work:work-runtime:2.3.4] AndroidManifest.xml:45:9-51:35
69            android:name="androidx.work.impl.background.systemjob.SystemJobService"
69-->[androidx.work:work-runtime:2.3.4] AndroidManifest.xml:46:13-84
70            android:directBootAware="false"
70-->[androidx.work:work-runtime:2.3.4] AndroidManifest.xml:47:13-44
71            android:enabled="@bool/enable_system_job_service_default"
71-->[androidx.work:work-runtime:2.3.4] AndroidManifest.xml:48:13-70
72            android:exported="true"
72-->[androidx.work:work-runtime:2.3.4] AndroidManifest.xml:49:13-36
73            android:permission="android.permission.BIND_JOB_SERVICE" />
73-->[androidx.work:work-runtime:2.3.4] AndroidManifest.xml:50:13-69
74        <service
74-->[androidx.work:work-runtime:2.3.4] AndroidManifest.xml:52:9-57:35
75            android:name="androidx.work.impl.foreground.SystemForegroundService"
75-->[androidx.work:work-runtime:2.3.4] AndroidManifest.xml:53:13-81
76            android:directBootAware="false"
76-->[androidx.work:work-runtime:2.3.4] AndroidManifest.xml:54:13-44
77            android:enabled="@bool/enable_system_foreground_service_default"
77-->[androidx.work:work-runtime:2.3.4] AndroidManifest.xml:55:13-77
78            android:exported="false" />
78-->[androidx.work:work-runtime:2.3.4] AndroidManifest.xml:56:13-37
79
80        <receiver
80-->[androidx.work:work-runtime:2.3.4] AndroidManifest.xml:59:9-64:35
81            android:name="androidx.work.impl.utils.ForceStopRunnable$BroadcastReceiver"
81-->[androidx.work:work-runtime:2.3.4] AndroidManifest.xml:60:13-88
82            android:directBootAware="false"
82-->[androidx.work:work-runtime:2.3.4] AndroidManifest.xml:61:13-44
83            android:enabled="true"
83-->[androidx.work:work-runtime:2.3.4] AndroidManifest.xml:62:13-35
84            android:exported="false" />
84-->[androidx.work:work-runtime:2.3.4] AndroidManifest.xml:63:13-37
85        <receiver
85-->[androidx.work:work-runtime:2.3.4] AndroidManifest.xml:65:9-75:20
86            android:name="androidx.work.impl.background.systemalarm.ConstraintProxy$BatteryChargingProxy"
86-->[androidx.work:work-runtime:2.3.4] AndroidManifest.xml:66:13-106
87            android:directBootAware="false"
87-->[androidx.work:work-runtime:2.3.4] AndroidManifest.xml:67:13-44
88            android:enabled="false"
88-->[androidx.work:work-runtime:2.3.4] AndroidManifest.xml:68:13-36
89            android:exported="false" >
89-->[androidx.work:work-runtime:2.3.4] AndroidManifest.xml:69:13-37
90            <intent-filter>
90-->[androidx.work:work-runtime:2.3.4] AndroidManifest.xml:71:13-74:29
91                <action android:name="android.intent.action.ACTION_POWER_CONNECTED" />
91-->[androidx.work:work-runtime:2.3.4] AndroidManifest.xml:72:17-87
91-->[androidx.work:work-runtime:2.3.4] AndroidManifest.xml:72:25-84
92                <action android:name="android.intent.action.ACTION_POWER_DISCONNECTED" />
92-->[androidx.work:work-runtime:2.3.4] AndroidManifest.xml:73:17-90
92-->[androidx.work:work-runtime:2.3.4] AndroidManifest.xml:73:25-87
93            </intent-filter>
94        </receiver>
95        <receiver
95-->[androidx.work:work-runtime:2.3.4] AndroidManifest.xml:76:9-86:20
96            android:name="androidx.work.impl.background.systemalarm.ConstraintProxy$BatteryNotLowProxy"
96-->[androidx.work:work-runtime:2.3.4] AndroidManifest.xml:77:13-104
97            android:directBootAware="false"
97-->[androidx.work:work-runtime:2.3.4] AndroidManifest.xml:78:13-44
98            android:enabled="false"
98-->[androidx.work:work-runtime:2.3.4] AndroidManifest.xml:79:13-36
99            android:exported="false" >
99-->[androidx.work:work-runtime:2.3.4] AndroidManifest.xml:80:13-37
100            <intent-filter>
100-->[androidx.work:work-runtime:2.3.4] AndroidManifest.xml:82:13-85:29
101                <action android:name="android.intent.action.BATTERY_OKAY" />
101-->[androidx.work:work-runtime:2.3.4] AndroidManifest.xml:83:17-77
101-->[androidx.work:work-runtime:2.3.4] AndroidManifest.xml:83:25-74
102                <action android:name="android.intent.action.BATTERY_LOW" />
102-->[androidx.work:work-runtime:2.3.4] AndroidManifest.xml:84:17-76
102-->[androidx.work:work-runtime:2.3.4] AndroidManifest.xml:84:25-73
103            </intent-filter>
104        </receiver>
105        <receiver
105-->[androidx.work:work-runtime:2.3.4] AndroidManifest.xml:87:9-97:20
106            android:name="androidx.work.impl.background.systemalarm.ConstraintProxy$StorageNotLowProxy"
106-->[androidx.work:work-runtime:2.3.4] AndroidManifest.xml:88:13-104
107            android:directBootAware="false"
107-->[androidx.work:work-runtime:2.3.4] AndroidManifest.xml:89:13-44
108            android:enabled="false"
108-->[androidx.work:work-runtime:2.3.4] AndroidManifest.xml:90:13-36
109            android:exported="false" >
109-->[androidx.work:work-runtime:2.3.4] AndroidManifest.xml:91:13-37
110            <intent-filter>
110-->[androidx.work:work-runtime:2.3.4] AndroidManifest.xml:93:13-96:29
111                <action android:name="android.intent.action.DEVICE_STORAGE_LOW" />
111-->[androidx.work:work-runtime:2.3.4] AndroidManifest.xml:94:17-83
111-->[androidx.work:work-runtime:2.3.4] AndroidManifest.xml:94:25-80
112                <action android:name="android.intent.action.DEVICE_STORAGE_OK" />
112-->[androidx.work:work-runtime:2.3.4] AndroidManifest.xml:95:17-82
112-->[androidx.work:work-runtime:2.3.4] AndroidManifest.xml:95:25-79
113            </intent-filter>
114        </receiver>
115        <receiver
115-->[androidx.work:work-runtime:2.3.4] AndroidManifest.xml:98:9-107:20
116            android:name="androidx.work.impl.background.systemalarm.ConstraintProxy$NetworkStateProxy"
116-->[androidx.work:work-runtime:2.3.4] AndroidManifest.xml:99:13-103
117            android:directBootAware="false"
117-->[androidx.work:work-runtime:2.3.4] AndroidManifest.xml:100:13-44
118            android:enabled="false"
118-->[androidx.work:work-runtime:2.3.4] AndroidManifest.xml:101:13-36
119            android:exported="false" >
119-->[androidx.work:work-runtime:2.3.4] AndroidManifest.xml:102:13-37
120            <intent-filter>
120-->[androidx.work:work-runtime:2.3.4] AndroidManifest.xml:104:13-106:29
121                <action android:name="android.net.conn.CONNECTIVITY_CHANGE" />
121-->[androidx.work:work-runtime:2.3.4] AndroidManifest.xml:105:17-79
121-->[androidx.work:work-runtime:2.3.4] AndroidManifest.xml:105:25-76
122            </intent-filter>
123        </receiver>
124        <receiver
124-->[androidx.work:work-runtime:2.3.4] AndroidManifest.xml:108:9-119:20
125            android:name="androidx.work.impl.background.systemalarm.RescheduleReceiver"
125-->[androidx.work:work-runtime:2.3.4] AndroidManifest.xml:109:13-88
126            android:directBootAware="false"
126-->[androidx.work:work-runtime:2.3.4] AndroidManifest.xml:110:13-44
127            android:enabled="false"
127-->[androidx.work:work-runtime:2.3.4] AndroidManifest.xml:111:13-36
128            android:exported="false" >
128-->[androidx.work:work-runtime:2.3.4] AndroidManifest.xml:112:13-37
129            <intent-filter>
129-->[androidx.work:work-runtime:2.3.4] AndroidManifest.xml:114:13-118:29
130                <action android:name="android.intent.action.BOOT_COMPLETED" />
130-->[androidx.work:work-runtime:2.3.4] AndroidManifest.xml:115:17-79
130-->[androidx.work:work-runtime:2.3.4] AndroidManifest.xml:115:25-76
131                <action android:name="android.intent.action.TIME_SET" />
131-->[androidx.work:work-runtime:2.3.4] AndroidManifest.xml:116:17-73
131-->[androidx.work:work-runtime:2.3.4] AndroidManifest.xml:116:25-70
132                <action android:name="android.intent.action.TIMEZONE_CHANGED" />
132-->[androidx.work:work-runtime:2.3.4] AndroidManifest.xml:117:17-81
132-->[androidx.work:work-runtime:2.3.4] AndroidManifest.xml:117:25-78
133            </intent-filter>
134        </receiver>
135        <receiver
135-->[androidx.work:work-runtime:2.3.4] AndroidManifest.xml:120:9-129:20
136            android:name="androidx.work.impl.background.systemalarm.ConstraintProxyUpdateReceiver"
136-->[androidx.work:work-runtime:2.3.4] AndroidManifest.xml:121:13-99
137            android:directBootAware="false"
137-->[androidx.work:work-runtime:2.3.4] AndroidManifest.xml:122:13-44
138            android:enabled="@bool/enable_system_alarm_service_default"
138-->[androidx.work:work-runtime:2.3.4] AndroidManifest.xml:123:13-72
139            android:exported="false" >
139-->[androidx.work:work-runtime:2.3.4] AndroidManifest.xml:124:13-37
140            <intent-filter>
140-->[androidx.work:work-runtime:2.3.4] AndroidManifest.xml:126:13-128:29
141                <action android:name="androidx.work.impl.background.systemalarm.UpdateProxies" />
141-->[androidx.work:work-runtime:2.3.4] AndroidManifest.xml:127:17-98
141-->[androidx.work:work-runtime:2.3.4] AndroidManifest.xml:127:25-95
142            </intent-filter>
143        </receiver>
144
145        <service
145-->[androidx.room:room-runtime:2.2.5] AndroidManifest.xml:25:9-28:40
146            android:name="androidx.room.MultiInstanceInvalidationService"
146-->[androidx.room:room-runtime:2.2.5] AndroidManifest.xml:26:13-74
147            android:directBootAware="true"
147-->[androidx.room:room-runtime:2.2.5] AndroidManifest.xml:27:13-43
148            android:exported="false" />
148-->[androidx.room:room-runtime:2.2.5] AndroidManifest.xml:28:13-37
149    </application>
150
151</manifest>